<?xml version="1.0" encoding="UTF-8"?>
<!-- Generated by org.testng.reporters.JUnitXMLReporter -->
<testsuite ignored="18" hostname="DESKTOP-T6230QL" failures="0" tests="1" name="Default test" time="3.22" errors="0" timestamp="2024-02-17T13:07:03 IST">
  <testcase classname="RestAssured.ApiTesting" name="Replace_Repo_Topics" time="3.169"/>
  <testcase classname="RestAssured.ApiTesting" name="CreateRepo" time="0.0">
    <ignored/>
  </testcase> <!-- CreateRepo -->
  <testcase classname="RestAssured.ApiTesting" name="ListRepoLang" time="0.0">
    <ignored/>
  </testcase> <!-- ListRepoLang -->
  <testcase classname="RestAssured.ApiTesting" name="Get_All_Repo_Topics" time="0.0">
    <ignored/>
  </testcase> <!-- Get_All_Repo_Topics -->
  <testcase classname="RestAssured.ApiTesting" name="Get_All_AutoLink" time="0.0">
    <ignored/>
  </testcase> <!-- Get_All_AutoLink -->
  <testcase classname="RestAssured.ApiTesting" name="Get_Repo" time="0.0">
    <ignored/>
  </testcase> <!-- Get_Repo -->
  <testcase classname="RestAssured.ApiTesting" name="Create_An_Autolink" time="0.0">
    <ignored/>
  </testcase> <!-- Create_An_Autolink -->
  <testcase classname="RestAssured.ApiTesting" name="Delete_AutoLink" time="0.0">
    <ignored/>
  </testcase> <!-- Delete_AutoLink -->
  <testcase classname="RestAssured.ApiTesting" name="UpdateRepo" time="0.0">
    <ignored/>
  </testcase> <!-- UpdateRepo -->
  <testcase classname="RestAssured.ApiTesting" name="CreateFork" time="0.0">
    <ignored/>
  </testcase> <!-- CreateFork -->
  <testcase classname="RestAssured.ApiTesting" name="setup" time="0.0">
    <ignored/>
  </testcase> <!-- setup -->
  <testcase classname="RestAssured.ApiTesting" name="ListRepo" time="0.0">
    <ignored/>
  </testcase> <!-- ListRepo -->
  <testcase classname="RestAssured.ApiTesting" name="Create_Or_Update" time="0.0">
    <ignored/>
  </testcase> <!-- Create_Or_Update -->
  <testcase classname="RestAssured.ApiTesting" name="Delete_File" time="0.0">
    <ignored/>
  </testcase> <!-- Delete_File -->
  <testcase classname="RestAssured.ApiTesting" name="GetRepo" time="0.0">
    <ignored/>
  </testcase> <!-- GetRepo -->
  <testcase classname="RestAssured.ApiTesting" name="List_Repo_Tags" time="0.0">
    <ignored/>
  </testcase> <!-- List_Repo_Tags -->
  <testcase classname="RestAssured.ApiTesting" name="ListPublicRepo" time="0.0">
    <ignored/>
  </testcase> <!-- ListPublicRepo -->
  <testcase classname="RestAssured.ApiTesting" name="DeleteRepo" time="0.0">
    <ignored/>
  </testcase> <!-- DeleteRepo -->
  <testcase classname="RestAssured.ApiTesting" name="ListFork" time="0.0">
    <ignored/>
  </testcase> <!-- ListFork -->
</testsuite> <!-- Default test -->
