<?xml version="1.0" encoding="UTF-8"?>
<testng-results ignored="18" total="19" passed="1" failed="0" skipped="0">
  <reporter-output>
  </reporter-output>
  <suite started-at="2024-02-17T13:06:59 IST" name="Default suite" finished-at="2024-02-17T13:07:03 IST" duration-ms="3220">
    <groups>
    </groups>
    <test started-at="2024-02-17T13:06:59 IST" name="Default test" finished-at="2024-02-17T13:07:03 IST" duration-ms="3220">
      <class name="RestAssured.ApiTesting">
        <test-method signature="Replace_Repo_Topics()[pri:0, instance:RestAssured.ApiTesting@6253c26]" started-at="2024-02-17T13:06:59 IST" name="Replace_Repo_Topics" finished-at="2024-02-17T13:07:03 IST" duration-ms="3169" status="PASS">
          <reporter-output>
          </reporter-output>
        </test-method> <!-- Replace_Repo_Topics -->
      </class> <!-- RestAssured.ApiTesting -->
    </test> <!-- Default test -->
  </suite> <!-- Default suite -->
</testng-results>
